<?xml version="1.0" encoding="UTF-8"?>
<persistence version="2.1" xmlns="http://xmlns.jcp.org/xml/ns/persistence" xmlns:xsi="http://www.w3.org/2001/XMLSchema-instance" xsi:schemaLocation="http://xmlns.jcp.org/xml/ns/persistence http://xmlns.jcp.org/xml/ns/persistence/persistence_2_1.xsd">
  <persistence-unit name="movie_library_pu" transaction-type="JTA">
    <provider>org.eclipse.persistence.jpa.PersistenceProvider</provider>
    <jta-data-source>jdbc/library</jta-data-source>
    <class>dat076.group4.model.core.Movie</class>
    <class>dat076.group4.model.core.MovieList</class>
    <class>dat076.group4.model.core.User</class>
    <!--<exclude-unlisted-classes>true</exclude-unlisted-classes>-->
    <properties>
      <property name="eclipselink.logging.level.sql" value="FINE"/>
      <property name="eclipselink.logging.parameters" value="true"/>
      <property name="javax.persistence.schema-generation.database.action" value="create"/>
    </properties>
  </persistence-unit>
</persistence>
